This file contains any messages produced by compilers while
running configure, to aid debugging if configure makes a mistake.

It was created by prboom configure 2.5.0, which was
generated by GNU Autoconf 2.61.  Invocation command line was

  $ ./configure --host=mipsel-linux --prefix=/opt/mipseltools-gcc412-glibc261 --exec-prefix=/opt/mipseltools-gcc412-glibc261 --without-net --disable-i386-asm --disable-gl --disable-sdltest

## --------- ##
## Platform. ##
## --------- ##

hostname = XP2000
uname -m = i686
uname -r = 2.6.28.7-new
uname -s = Linux
uname -v = #1 SMP Sun Mar 8 20:14:46 CET 2009

/usr/bin/uname -p = unknown
/bin/uname -X     = unknown

/bin/arch              = unknown
/usr/bin/arch -k       = unknown
/usr/convex/getsysinfo = unknown
/usr/bin/hostinfo      = unknown
/bin/machine           = unknown
/usr/bin/oslevel       = unknown
/bin/universe          = unknown

PATH: /usr/local/sbin
PATH: /usr/local/bin
PATH: /usr/sbin
PATH: /usr/bin
PATH: /sbin
PATH: /bin
PATH: /usr/games
PATH: /opt/mipseltools-gcc412-glibc261/bin/
PATH: /opt/mipseltools-gcc412-glibc261/bin/


## ----------- ##
## Core tests. ##
## ----------- ##

configure:1817: checking build system type
configure:1835: result: i686-pc-linux-gnu
configure:1857: checking host system type
configure:1872: result: mipsel-unknown-linux-gnu
configure:1894: checking target system type
configure:1909: result: mipsel-unknown-linux-gnu
configure:1953: checking for a BSD-compatible install
configure:2009: result: /usr/bin/install -c
configure:2020: checking whether build environment is sane
configure:2063: result: yes
configure:2091: checking for a thread-safe mkdir -p
configure:2130: result: /bin/mkdir -p
configure:2143: checking for gawk
configure:2159: found /usr/bin/gawk
configure:2170: result: gawk
configure:2181: checking whether make sets $(MAKE)
configure:2202: result: yes
configure:2282: checking for mipsel-linux-strip
configure:2298: found /opt/mipseltools-gcc412-glibc261/bin//mipsel-linux-strip
configure:2309: result: mipsel-linux-strip
configure:2393: checking checking whether to use x86 asm versions of some functions
configure:2415: result: no
configure:2446: checking for mipsel-linux-gcc
configure:2462: found /opt/mipseltools-gcc412-glibc261/bin//mipsel-linux-gcc
configure:2473: result: mipsel-linux-gcc
configure:2751: checking for C compiler version
configure:2758: mipsel-linux-gcc --version >&5
mipsel-linux-gcc (GCC) 4.1.2
Copyright (C) 2006 Free Software Foundation, Inc.
This is free software; see the source for copying conditions.  There is NO
warranty; not even for MERCHANTABILITY or FITNESS FOR A PARTICULAR PURPOSE.

configure:2761: $? = 0
configure:2768: mipsel-linux-gcc -v >&5
Using built-in specs.
Target: mipsel-linux
Configured with: ../gcc-4.1.2/configure --target=mipsel-linux --host=i686-pc-linux-gnu --prefix=/opt/mipseltools-gcc412-glibc261 --disable-nls --disable-multilib --enable-shared --enable-languages=c,c++ --enable-__cxa_atexit --enable-c99 --enable-long-long --enable-threads=posix --with-headers=/opt/mipseltools-gcc412-glibc261/mipsel-linux/include
Thread model: posix
gcc version 4.1.2
configure:2771: $? = 0
configure:2778: mipsel-linux-gcc -V >&5
mipsel-linux-gcc: '-V' option must have argument
configure:2781: $? = 1
configure:2804: checking for C compiler default output file name
configure:2831: mipsel-linux-gcc    conftest.c  >&5
configure:2834: $? = 0
configure:2872: result: a.out
configure:2889: checking whether the C compiler works
configure:2899: ./a.out
./configure: line 2900: ./a.out: cannot execute binary file
configure:2902: $? = 126
configure:2919: result: yes
configure:2926: checking whether we are cross compiling
configure:2928: result: yes
configure:2931: checking for suffix of executables
configure:2938: mipsel-linux-gcc -o conftest    conftest.c  >&5
configure:2941: $? = 0
configure:2965: result: 
configure:2971: checking for suffix of object files
configure:2997: mipsel-linux-gcc -c   conftest.c >&5
configure:3000: $? = 0
configure:3023: result: o
configure:3027: checking whether we are using the GNU C compiler
configure:3056: mipsel-linux-gcc -c   conftest.c >&5
configure:3062: $? = 0
configure:3079: result: yes
configure:3084: checking whether mipsel-linux-gcc accepts -g
configure:3114: mipsel-linux-gcc -c -g  conftest.c >&5
configure:3120: $? = 0
configure:3219: result: yes
configure:3236: checking for mipsel-linux-gcc option to accept ISO C89
configure:3310: mipsel-linux-gcc  -c -g -O2  conftest.c >&5
configure:3316: $? = 0
configure:3339: result: none needed
configure:3368: checking for style of include used by make
configure:3396: result: GNU
configure:3421: checking dependency style of mipsel-linux-gcc
configure:3512: result: gcc3
configure:3527: checking whether ln -s works
configure:3531: result: yes
configure:3541: checking for mipsel-linux-ranlib
configure:3557: found /opt/mipseltools-gcc412-glibc261/bin//mipsel-linux-ranlib
configure:3568: result: mipsel-linux-ranlib
configure:3657: checking whether compiler supports -Wall
configure:3683: mipsel-linux-gcc -c -g -O2 -Wall  conftest.c >&5
configure:3689: $? = 0
configure:3696: result: yes
configure:3724: checking whether compiler supports -Wno-unused
configure:3750: mipsel-linux-gcc -c -g -O2 -Wall -Wno-unused  conftest.c >&5
configure:3756: $? = 0
configure:3763: result: yes
configure:3724: checking whether compiler supports -Wno-switch
configure:3750: mipsel-linux-gcc -c -g -O2 -Wall -Wno-unused -Wno-switch  conftest.c >&5
configure:3756: $? = 0
configure:3763: result: yes
configure:3865: checking if malloc debugging is wanted
configure:3885: result: no
configure:3899: checking whether compiler supports -march=native
configure:3926: mipsel-linux-gcc -c -g -O2 -Wall -Wno-unused -Wno-switch -march=native  conftest.c >&5
cc1: error: unrecognized command line option "-march=native"
configure:3932: $? = 1
configure: failed program was:
| /* confdefs.h.  */
| #define PACKAGE_NAME "prboom"
| #define PACKAGE_TARNAME "prboom"
| #define PACKAGE_VERSION "2.5.0"
| #define PACKAGE_STRING "prboom 2.5.0"
| #define PACKAGE_BUGREPORT ""
| #define PACKAGE "prboom"
| #define VERSION "2.5.0"
| #define DOOMWADDIR "/opt/mipseltools-gcc412-glibc261/share/games/doom"
| #define PACKEDATTR __attribute__((packed))
| /* end confdefs.h.  */
| 
| int
| main ()
| {
| 
|   void f() {};
| 
|   ;
|   return 0;
| }
configure:3946: result: no
configure:4029: checking whether compiler supports -Wextra
configure:4055: mipsel-linux-gcc -c -g -O2 -Wall -Wno-unused -Wno-switch -Wextra  conftest.c >&5
configure:4061: $? = 0
configure:4068: result: yes
configure:4029: checking whether compiler supports -Wno-missing-field-initializers
configure:4055: mipsel-linux-gcc -c -g -O2 -Wall -Wno-unused -Wno-switch -Wextra -Wno-missing-field-initializers  conftest.c >&5
configure:4061: $? = 0
configure:4068: result: yes
configure:4029: checking whether compiler supports -Winline
configure:4055: mipsel-linux-gcc -c -g -O2 -Wall -Wno-unused -Wno-switch -Wextra -Wno-missing-field-initializers -Winline  conftest.c >&5
configure:4061: $? = 0
configure:4068: result: yes
configure:4029: checking whether compiler supports -Wwrite-strings
configure:4055: mipsel-linux-gcc -c -g -O2 -Wall -Wno-unused -Wno-switch -Wextra -Wno-missing-field-initializers -Winline -Wwrite-strings  conftest.c >&5
configure:4061: $? = 0
configure:4068: result: yes
configure:4029: checking whether compiler supports -Wundef
configure:4055: mipsel-linux-gcc -c -g -O2 -Wall -Wno-unused -Wno-switch -Wextra -Wno-missing-field-initializers -Winline -Wwrite-strings -Wundef  conftest.c >&5
configure:4061: $? = 0
configure:4068: result: yes
configure:4029: checking whether compiler supports -Wbad-function-cast
configure:4055: mipsel-linux-gcc -c -g -O2 -Wall -Wno-unused -Wno-switch -Wextra -Wno-missing-field-initializers -Winline -Wwrite-strings -Wundef -Wbad-function-cast  conftest.c >&5
configure:4061: $? = 0
configure:4068: result: yes
configure:4029: checking whether compiler supports -Wcast-align
configure:4055: mipsel-linux-gcc -c -g -O2 -Wall -Wno-unused -Wno-switch -Wextra -Wno-missing-field-initializers -Winline -Wwrite-strings -Wundef -Wbad-function-cast -Wcast-align  conftest.c >&5
configure:4061: $? = 0
configure:4068: result: yes
configure:4029: checking whether compiler supports -Wcast-qual
configure:4055: mipsel-linux-gcc -c -g -O2 -Wall -Wno-unused -Wno-switch -Wextra -Wno-missing-field-initializers -Winline -Wwrite-strings -Wundef -Wbad-function-cast -Wcast-align -Wcast-qual  conftest.c >&5
configure:4061: $? = 0
configure:4068: result: yes
configure:4029: checking whether compiler supports -Wdeclaration-after-statement
configure:4055: mipsel-linux-gcc -c -g -O2 -Wall -Wno-unused -Wno-switch -Wextra -Wno-missing-field-initializers -Winline -Wwrite-strings -Wundef -Wbad-function-cast -Wcast-align -Wcast-qual -Wdeclaration-after-statement  conftest.c >&5
configure:4061: $? = 0
configure:4068: result: yes
configure:4029: checking whether compiler supports -ffast-math
configure:4055: mipsel-linux-gcc -c -g -O2 -Wall -Wno-unused -Wno-switch -Wextra -Wno-missing-field-initializers -Winline -Wwrite-strings -Wundef -Wbad-function-cast -Wcast-align -Wcast-qual -Wdeclaration-after-statement -ffast-math  conftest.c >&5
configure:4061: $? = 0
configure:4068: result: yes
configure:4029: checking whether compiler supports -O2
configure:4055: mipsel-linux-gcc -c -g -O2 -Wall -Wno-unused -Wno-switch -Wextra -Wno-missing-field-initializers -Winline -Wwrite-strings -Wundef -Wbad-function-cast -Wcast-align -Wcast-qual -Wdeclaration-after-statement -ffast-math -O2  conftest.c >&5
configure:4061: $? = 0
configure:4068: result: yes
configure:4029: checking whether compiler supports -fomit-frame-pointer
configure:4055: mipsel-linux-gcc -c -g -O2 -Wall -Wno-unused -Wno-switch -Wextra -Wno-missing-field-initializers -Winline -Wwrite-strings -Wundef -Wbad-function-cast -Wcast-align -Wcast-qual -Wdeclaration-after-statement -ffast-math -O2 -fomit-frame-pointer  conftest.c >&5
configure:4061: $? = 0
configure:4068: result: yes
configure:4085: checking for an ANSI C-conforming const
configure:4160: mipsel-linux-gcc -c -g -O2 -Wall -Wno-unused -Wno-switch -Wextra -Wno-missing-field-initializers -Winline -Wwrite-strings -Wundef -Wbad-function-cast -Wcast-align -Wcast-qual -Wdeclaration-after-statement -ffast-math -O2 -fomit-frame-pointer -I$(top_srcdir)/src  conftest.c >&5
conftest.c: In function 'main':
conftest.c:35: warning: cast discards qualifiers from pointer target type
conftest.c:41: warning: 't' is used uninitialized in this function
conftest.c:57: warning: 'b' is used uninitialized in this function
conftest.c:63: warning: 'cs[0]' is used uninitialized in this function
configure:4166: $? = 0
configure:4181: result: yes
configure:4191: checking for inline
configure:4217: mipsel-linux-gcc -c -g -O2 -Wall -Wno-unused -Wno-switch -Wextra -Wno-missing-field-initializers -Winline -Wwrite-strings -Wundef -Wbad-function-cast -Wcast-align -Wcast-qual -Wdeclaration-after-statement -ffast-math -O2 -fomit-frame-pointer -I$(top_srcdir)/src  conftest.c >&5
configure:4223: $? = 0
configure:4241: result: inline
configure:5135: checking for uid_t in sys/types.h
./configure: line 5149: conftest.c: command not found
configure:5158: result: no
configure:5173: checking for size_t
configure:5203: mipsel-linux-gcc -c -g -O2 -Wall -Wno-unused -Wno-switch -Wextra -Wno-missing-field-initializers -Winline -Wwrite-strings -Wundef -Wbad-function-cast -Wcast-align -Wcast-qual -Wdeclaration-after-statement -ffast-math -O2 -fomit-frame-pointer -I$(top_srcdir)/src  conftest.c >&5
configure:5209: $? = 0
configure:5224: result: yes
configure:5236: checking whether sys_siglist is declared
configure:5271: mipsel-linux-gcc -c -g -O2 -Wall -Wno-unused -Wno-switch -Wextra -Wno-missing-field-initializers -Winline -Wwrite-strings -Wundef -Wbad-function-cast -Wcast-align -Wcast-qual -Wdeclaration-after-statement -ffast-math -O2 -fomit-frame-pointer -I$(top_srcdir)/src  conftest.c >&5
In file included from conftest.c:14:
/opt/mipseltools-gcc412-glibc261/lib/gcc/mipsel-linux/4.1.2/../../../../mipsel-linux/include/signal.h:68: error: two or more data types in declaration specifiers
configure:5277: $? = 1
configure: failed program was:
| /* confdefs.h.  */
| #define PACKAGE_NAME "prboom"
| #define PACKAGE_TARNAME "prboom"
| #define PACKAGE_VERSION "2.5.0"
| #define PACKAGE_STRING "prboom 2.5.0"
| #define PACKAGE_BUGREPORT ""
| #define PACKAGE "prboom"
| #define VERSION "2.5.0"
| #define DOOMWADDIR "/opt/mipseltools-gcc412-glibc261/share/games/doom"
| #define PACKEDATTR __attribute__((packed))
| #define uid_t int
| #define gid_t int
| /* end confdefs.h.  */
| #include <signal.h>
| /* NetBSD declares sys_siglist in unistd.h.  */
| #ifdef HAVE_UNISTD_H
| # include <unistd.h>
| #endif
| 
| 
| int
| main ()
| {
| #ifndef sys_siglist
|   (void) sys_siglist;
| #endif
| 
|   ;
|   return 0;
| }
configure:5292: result: no
configure:5311: checking for sys/wait.h that is POSIX.1 compatible
configure:5347: mipsel-linux-gcc -c -g -O2 -Wall -Wno-unused -Wno-switch -Wextra -Wno-missing-field-initializers -Winline -Wwrite-strings -Wundef -Wbad-function-cast -Wcast-align -Wcast-qual -Wdeclaration-after-statement -ffast-math -O2 -fomit-frame-pointer -I$(top_srcdir)/src  conftest.c >&5
In file included from conftest.c:15:
/opt/mipseltools-gcc412-glibc261/lib/gcc/mipsel-linux/4.1.2/../../../../mipsel-linux/include/sys/types.h:67: error: two or more data types in declaration specifiers
/opt/mipseltools-gcc412-glibc261/lib/gcc/mipsel-linux/4.1.2/../../../../mipsel-linux/include/sys/types.h:82: error: two or more data types in declaration specifiers
configure:5353: $? = 1
configure: failed program was:
| /* confdefs.h.  */
| #define PACKAGE_NAME "prboom"
| #define PACKAGE_TARNAME "prboom"
| #define PACKAGE_VERSION "2.5.0"
| #define PACKAGE_STRING "prboom 2.5.0"
| #define PACKAGE_BUGREPORT ""
| #define PACKAGE "prboom"
| #define VERSION "2.5.0"
| #define DOOMWADDIR "/opt/mipseltools-gcc412-glibc261/share/games/doom"
| #define PACKEDATTR __attribute__((packed))
| #define uid_t int
| #define gid_t int
| #define HAVE_DECL_SYS_SIGLIST 0
| /* end confdefs.h.  */
| #include <sys/types.h>
| #include <sys/wait.h>
| #ifndef WEXITSTATUS
| # define WEXITSTATUS(stat_val) ((unsigned int) (stat_val) >> 8)
| #endif
| #ifndef WIFEXITED
| # define WIFEXITED(stat_val) (((stat_val) & 255) == 0)
| #endif
| 
| int
| main ()
| {
|   int s;
|   wait (&s);
|   s = WIFEXITED (s) ? WEXITSTATUS (s) : 1;
|   ;
|   return 0;
| }
configure:5368: result: no
configure:5395: checking unistd.h usability
configure:5412: mipsel-linux-gcc -c -g -O2 -Wall -Wno-unused -Wno-switch -Wextra -Wno-missing-field-initializers -Winline -Wwrite-strings -Wundef -Wbad-function-cast -Wcast-align -Wcast-qual -Wdeclaration-after-statement -ffast-math -O2 -fomit-frame-pointer -I$(top_srcdir)/src  conftest.c >&5
In file included from conftest.c:48:
/opt/mipseltools-gcc412-glibc261/lib/gcc/mipsel-linux/4.1.2/../../../../mipsel-linux/include/unistd.h:203: error: two or more data types in declaration specifiers
/opt/mipseltools-gcc412-glibc261/lib/gcc/mipsel-linux/4.1.2/../../../../mipsel-linux/include/unistd.h:208: error: two or more data types in declaration specifiers
configure:5418: $? = 1
configure: failed program was:
| /* confdefs.h.  */
| #define PACKAGE_NAME "prboom"
| #define PACKAGE_TARNAME "prboom"
| #define PACKAGE_VERSION "2.5.0"
| #define PACKAGE_STRING "prboom 2.5.0"
| #define PACKAGE_BUGREPORT ""
| #define PACKAGE "prboom"
| #define VERSION "2.5.0"
| #define DOOMWADDIR "/opt/mipseltools-gcc412-glibc261/share/games/doom"
| #define PACKEDATTR __attribute__((packed))
| #define uid_t int
| #define gid_t int
| #define HAVE_DECL_SYS_SIGLIST 0
| /* end confdefs.h.  */
| #include <stdio.h>
| #ifdef HAVE_SYS_TYPES_H
| # include <sys/types.h>
| #endif
| #ifdef HAVE_SYS_STAT_H
| # include <sys/stat.h>
| #endif
| #ifdef STDC_HEADERS
| # include <stdlib.h>
| # include <stddef.h>
| #else
| # ifdef HAVE_STDLIB_H
| #  include <stdlib.h>
| # endif
| #endif
| #ifdef HAVE_STRING_H
| # if !defined STDC_HEADERS && defined HAVE_MEMORY_H
| #  include <memory.h>
| # endif
| # include <string.h>
| #endif
| #ifdef HAVE_STRINGS_H
| # include <strings.h>
| #endif
| #ifdef HAVE_INTTYPES_H
| # include <inttypes.h>
| #endif
| #ifdef HAVE_STDINT_H
| # include <stdint.h>
| #endif
| #ifdef HAVE_UNISTD_H
| # include <unistd.h>
| #endif
| #include <unistd.h>
configure:5432: result: no
configure:5436: checking unistd.h presence
configure:5451:   conftest.c
./configure: line 5452: conftest.c: command not found
configure:5457: $? = 127
configure: failed program was:
| /* confdefs.h.  */
| #define PACKAGE_NAME "prboom"
| #define PACKAGE_TARNAME "prboom"
| #define PACKAGE_VERSION "2.5.0"
| #define PACKAGE_STRING "prboom 2.5.0"
| #define PACKAGE_BUGREPORT ""
| #define PACKAGE "prboom"
| #define VERSION "2.5.0"
| #define DOOMWADDIR "/opt/mipseltools-gcc412-glibc261/share/games/doom"
| #define PACKEDATTR __attribute__((packed))
| #define uid_t int
| #define gid_t int
| #define HAVE_DECL_SYS_SIGLIST 0
| /* end confdefs.h.  */
| #include <unistd.h>
configure:5471: result: no
configure:5499: checking for unistd.h
configure:5507: result: no
configure:5395: checking asm/byteorder.h usability
configure:5412: mipsel-linux-gcc -c -g -O2 -Wall -Wno-unused -Wno-switch -Wextra -Wno-missing-field-initializers -Winline -Wwrite-strings -Wundef -Wbad-function-cast -Wcast-align -Wcast-qual -Wdeclaration-after-statement -ffast-math -O2 -fomit-frame-pointer -I$(top_srcdir)/src  conftest.c >&5
configure:5418: $? = 0
configure:5432: result: yes
configure:5436: checking asm/byteorder.h presence
configure:5451:   conftest.c
./configure: line 5452: conftest.c: command not found
configure:5457: $? = 127
configure: failed program was:
| /* confdefs.h.  */
| #define PACKAGE_NAME "prboom"
| #define PACKAGE_TARNAME "prboom"
| #define PACKAGE_VERSION "2.5.0"
| #define PACKAGE_STRING "prboom 2.5.0"
| #define PACKAGE_BUGREPORT ""
| #define PACKAGE "prboom"
| #define VERSION "2.5.0"
| #define DOOMWADDIR "/opt/mipseltools-gcc412-glibc261/share/games/doom"
| #define PACKEDATTR __attribute__((packed))
| #define uid_t int
| #define gid_t int
| #define HAVE_DECL_SYS_SIGLIST 0
| /* end confdefs.h.  */
| #include <asm/byteorder.h>
configure:5471: result: no
configure:5477: WARNING: asm/byteorder.h: accepted by the compiler, rejected by the preprocessor!
configure:5479: WARNING: asm/byteorder.h: proceeding with the compiler's result
configure:5499: checking for asm/byteorder.h
configure:5507: result: yes
configure:5395: checking sched.h usability
configure:5412: mipsel-linux-gcc -c -g -O2 -Wall -Wno-unused -Wno-switch -Wextra -Wno-missing-field-initializers -Winline -Wwrite-strings -Wundef -Wbad-function-cast -Wcast-align -Wcast-qual -Wdeclaration-after-statement -ffast-math -O2 -fomit-frame-pointer -I$(top_srcdir)/src  conftest.c >&5
configure:5418: $? = 0
configure:5432: result: yes
configure:5436: checking sched.h presence
configure:5451:   conftest.c
./configure: line 5452: conftest.c: command not found
configure:5457: $? = 127
configure: failed program was:
| /* confdefs.h.  */
| #define PACKAGE_NAME "prboom"
| #define PACKAGE_TARNAME "prboom"
| #define PACKAGE_VERSION "2.5.0"
| #define PACKAGE_STRING "prboom 2.5.0"
| #define PACKAGE_BUGREPORT ""
| #define PACKAGE "prboom"
| #define VERSION "2.5.0"
| #define DOOMWADDIR "/opt/mipseltools-gcc412-glibc261/share/games/doom"
| #define PACKEDATTR __attribute__((packed))
| #define uid_t int
| #define gid_t int
| #define HAVE_DECL_SYS_SIGLIST 0
| #define HAVE_ASM_BYTEORDER_H 1
| /* end confdefs.h.  */
| #include <sched.h>
configure:5471: result: no
configure:5477: WARNING: sched.h: accepted by the compiler, rejected by the preprocessor!
configure:5479: WARNING: sched.h: proceeding with the compiler's result
configure:5499: checking for sched.h
configure:5507: result: yes
configure:5521: checking for stricmp
configure:5577: mipsel-linux-gcc -o conftest -g -O2 -Wall -Wno-unused -Wno-switch -Wextra -Wno-missing-field-initializers -Winline -Wwrite-strings -Wundef -Wbad-function-cast -Wcast-align -Wcast-qual -Wdeclaration-after-statement -ffast-math -O2 -fomit-frame-pointer -I$(top_srcdir)/src   conftest.c  >&5
/tmp/ccQW3sHe.o: In function `main':
/home/joyrider/dingoo_linux/Sources/prboom-2.5.0/conftest.c:51: undefined reference to `stricmp'
collect2: ld returned 1 exit status
configure:5583: $? = 1
configure: failed program was:
| /* confdefs.h.  */
| #define PACKAGE_NAME "prboom"
| #define PACKAGE_TARNAME "prboom"
| #define PACKAGE_VERSION "2.5.0"
| #define PACKAGE_STRING "prboom 2.5.0"
| #define PACKAGE_BUGREPORT ""
| #define PACKAGE "prboom"
| #define VERSION "2.5.0"
| #define DOOMWADDIR "/opt/mipseltools-gcc412-glibc261/share/games/doom"
| #define PACKEDATTR __attribute__((packed))
| #define uid_t int
| #define gid_t int
| #define HAVE_DECL_SYS_SIGLIST 0
| #define HAVE_ASM_BYTEORDER_H 1
| #define HAVE_SCHED_H 1
| /* end confdefs.h.  */
| /* Define stricmp to an innocuous variant, in case <limits.h> declares stricmp.
|    For example, HP-UX 11i <limits.h> declares gettimeofday.  */
| #define stricmp innocuous_stricmp
| 
| /* System header to define __stub macros and hopefully few prototypes,
|     which can conflict with char stricmp (); below.
|     Prefer <limits.h> to <assert.h> if __STDC__ is defined, since
|     <limits.h> exists even on freestanding compilers.  */
| 
| #ifdef __STDC__
| # include <limits.h>
| #else
| # include <assert.h>
| #endif
| 
| #undef stricmp
| 
| /* Override any GCC internal prototype to avoid an error.
|    Use char because int might match the return type of a GCC
|    builtin and then its argument prototype would still apply.  */
| #ifdef __cplusplus
| extern "C"
| #endif
| char stricmp ();
| /* The GNU C library defines this for functions which it implements
|     to always fail with ENOSYS.  Some functions are actually named
|     something starting with __ and the normal name is an alias.  */
| #if defined __stub_stricmp || defined __stub___stricmp
| choke me
| #endif
| 
| int
| main ()
| {
| return stricmp ();
|   ;
|   return 0;
| }
configure:5600: result: no
configure:5612: checking for strnicmp
configure:5668: mipsel-linux-gcc -o conftest -g -O2 -Wall -Wno-unused -Wno-switch -Wextra -Wno-missing-field-initializers -Winline -Wwrite-strings -Wundef -Wbad-function-cast -Wcast-align -Wcast-qual -Wdeclaration-after-statement -ffast-math -O2 -fomit-frame-pointer -I$(top_srcdir)/src   conftest.c  >&5
/tmp/ccIsR89C.o: In function `main':
/home/joyrider/dingoo_linux/Sources/prboom-2.5.0/conftest.c:52: undefined reference to `strnicmp'
collect2: ld returned 1 exit status
configure:5674: $? = 1
configure: failed program was:
| /* confdefs.h.  */
| #define PACKAGE_NAME "prboom"
| #define PACKAGE_TARNAME "prboom"
| #define PACKAGE_VERSION "2.5.0"
| #define PACKAGE_STRING "prboom 2.5.0"
| #define PACKAGE_BUGREPORT ""
| #define PACKAGE "prboom"
| #define VERSION "2.5.0"
| #define DOOMWADDIR "/opt/mipseltools-gcc412-glibc261/share/games/doom"
| #define PACKEDATTR __attribute__((packed))
| #define uid_t int
| #define gid_t int
| #define HAVE_DECL_SYS_SIGLIST 0
| #define HAVE_ASM_BYTEORDER_H 1
| #define HAVE_SCHED_H 1
| #define stricmp strcasecmp
| /* end confdefs.h.  */
| /* Define strnicmp to an innocuous variant, in case <limits.h> declares strnicmp.
|    For example, HP-UX 11i <limits.h> declares gettimeofday.  */
| #define strnicmp innocuous_strnicmp
| 
| /* System header to define __stub macros and hopefully few prototypes,
|     which can conflict with char strnicmp (); below.
|     Prefer <limits.h> to <assert.h> if __STDC__ is defined, since
|     <limits.h> exists even on freestanding compilers.  */
| 
| #ifdef __STDC__
| # include <limits.h>
| #else
| # include <assert.h>
| #endif
| 
| #undef strnicmp
| 
| /* Override any GCC internal prototype to avoid an error.
|    Use char because int might match the return type of a GCC
|    builtin and then its argument prototype would still apply.  */
| #ifdef __cplusplus
| extern "C"
| #endif
| char strnicmp ();
| /* The GNU C library defines this for functions which it implements
|     to always fail with ENOSYS.  Some functions are actually named
|     something starting with __ and the normal name is an alias.  */
| #if defined __stub_strnicmp || defined __stub___strnicmp
| choke me
| #endif
| 
| int
| main ()
| {
| return strnicmp ();
|   ;
|   return 0;
| }
configure:5691: result: no
configure:5703: checking for min
configure:5759: mipsel-linux-gcc -o conftest -g -O2 -Wall -Wno-unused -Wno-switch -Wextra -Wno-missing-field-initializers -Winline -Wwrite-strings -Wundef -Wbad-function-cast -Wcast-align -Wcast-qual -Wdeclaration-after-statement -ffast-math -O2 -fomit-frame-pointer -I$(top_srcdir)/src   conftest.c  >&5
/tmp/ccW9mji3.o: In function `main':
/home/joyrider/dingoo_linux/Sources/prboom-2.5.0/conftest.c:53: undefined reference to `min'
collect2: ld returned 1 exit status
configure:5765: $? = 1
configure: failed program was:
| /* confdefs.h.  */
| #define PACKAGE_NAME "prboom"
| #define PACKAGE_TARNAME "prboom"
| #define PACKAGE_VERSION "2.5.0"
| #define PACKAGE_STRING "prboom 2.5.0"
| #define PACKAGE_BUGREPORT ""
| #define PACKAGE "prboom"
| #define VERSION "2.5.0"
| #define DOOMWADDIR "/opt/mipseltools-gcc412-glibc261/share/games/doom"
| #define PACKEDATTR __attribute__((packed))
| #define uid_t int
| #define gid_t int
| #define HAVE_DECL_SYS_SIGLIST 0
| #define HAVE_ASM_BYTEORDER_H 1
| #define HAVE_SCHED_H 1
| #define stricmp strcasecmp
| #define strnicmp strncasecmp
| /* end confdefs.h.  */
| /* Define min to an innocuous variant, in case <limits.h> declares min.
|    For example, HP-UX 11i <limits.h> declares gettimeofday.  */
| #define min innocuous_min
| 
| /* System header to define __stub macros and hopefully few prototypes,
|     which can conflict with char min (); below.
|     Prefer <limits.h> to <assert.h> if __STDC__ is defined, since
|     <limits.h> exists even on freestanding compilers.  */
| 
| #ifdef __STDC__
| # include <limits.h>
| #else
| # include <assert.h>
| #endif
| 
| #undef min
| 
| /* Override any GCC internal prototype to avoid an error.
|    Use char because int might match the return type of a GCC
|    builtin and then its argument prototype would still apply.  */
| #ifdef __cplusplus
| extern "C"
| #endif
| char min ();
| /* The GNU C library defines this for functions which it implements
|     to always fail with ENOSYS.  Some functions are actually named
|     something starting with __ and the normal name is an alias.  */
| #if defined __stub_min || defined __stub___min
| choke me
| #endif
| 
| int
| main ()
| {
| return min ();
|   ;
|   return 0;
| }
configure:5782: result: no
configure:5792: checking for max
configure:5848: mipsel-linux-gcc -o conftest -g -O2 -Wall -Wno-unused -Wno-switch -Wextra -Wno-missing-field-initializers -Winline -Wwrite-strings -Wundef -Wbad-function-cast -Wcast-align -Wcast-qual -Wdeclaration-after-statement -ffast-math -O2 -fomit-frame-pointer -I$(top_srcdir)/src   conftest.c  >&5
/tmp/ccEf1lUn.o: In function `main':
/home/joyrider/dingoo_linux/Sources/prboom-2.5.0/conftest.c:53: undefined reference to `max'
collect2: ld returned 1 exit status
configure:5854: $? = 1
configure: failed program was:
| /* confdefs.h.  */
| #define PACKAGE_NAME "prboom"
| #define PACKAGE_TARNAME "prboom"
| #define PACKAGE_VERSION "2.5.0"
| #define PACKAGE_STRING "prboom 2.5.0"
| #define PACKAGE_BUGREPORT ""
| #define PACKAGE "prboom"
| #define VERSION "2.5.0"
| #define DOOMWADDIR "/opt/mipseltools-gcc412-glibc261/share/games/doom"
| #define PACKEDATTR __attribute__((packed))
| #define uid_t int
| #define gid_t int
| #define HAVE_DECL_SYS_SIGLIST 0
| #define HAVE_ASM_BYTEORDER_H 1
| #define HAVE_SCHED_H 1
| #define stricmp strcasecmp
| #define strnicmp strncasecmp
| /* end confdefs.h.  */
| /* Define max to an innocuous variant, in case <limits.h> declares max.
|    For example, HP-UX 11i <limits.h> declares gettimeofday.  */
| #define max innocuous_max
| 
| /* System header to define __stub macros and hopefully few prototypes,
|     which can conflict with char max (); below.
|     Prefer <limits.h> to <assert.h> if __STDC__ is defined, since
|     <limits.h> exists even on freestanding compilers.  */
| 
| #ifdef __STDC__
| # include <limits.h>
| #else
| # include <assert.h>
| #endif
| 
| #undef max
| 
| /* Override any GCC internal prototype to avoid an error.
|    Use char because int might match the return type of a GCC
|    builtin and then its argument prototype would still apply.  */
| #ifdef __cplusplus
| extern "C"
| #endif
| char max ();
| /* The GNU C library defines this for functions which it implements
|     to always fail with ENOSYS.  Some functions are actually named
|     something starting with __ and the normal name is an alias.  */
| #if defined __stub_max || defined __stub___max
| choke me
| #endif
| 
| int
| main ()
| {
| return max ();
|   ;
|   return 0;
| }
configure:5871: result: no
configure:5893: checking for getopt
configure:5949: mipsel-linux-gcc -o conftest -g -O2 -Wall -Wno-unused -Wno-switch -Wextra -Wno-missing-field-initializers -Winline -Wwrite-strings -Wundef -Wbad-function-cast -Wcast-align -Wcast-qual -Wdeclaration-after-statement -ffast-math -O2 -fomit-frame-pointer -I$(top_srcdir)/src   conftest.c  >&5
configure:5955: $? = 0
configure:5973: result: yes
configure:5893: checking for inet_aton
configure:5949: mipsel-linux-gcc -o conftest -g -O2 -Wall -Wno-unused -Wno-switch -Wextra -Wno-missing-field-initializers -Winline -Wwrite-strings -Wundef -Wbad-function-cast -Wcast-align -Wcast-qual -Wdeclaration-after-statement -ffast-math -O2 -fomit-frame-pointer -I$(top_srcdir)/src   conftest.c  >&5
configure:5955: $? = 0
configure:5973: result: yes
configure:5893: checking for inet_pton
configure:5949: mipsel-linux-gcc -o conftest -g -O2 -Wall -Wno-unused -Wno-switch -Wextra -Wno-missing-field-initializers -Winline -Wwrite-strings -Wundef -Wbad-function-cast -Wcast-align -Wcast-qual -Wdeclaration-after-statement -ffast-math -O2 -fomit-frame-pointer -I$(top_srcdir)/src   conftest.c  >&5
configure:5955: $? = 0
configure:5973: result: yes
configure:5893: checking for inet_ntop
configure:5949: mipsel-linux-gcc -o conftest -g -O2 -Wall -Wno-unused -Wno-switch -Wextra -Wno-missing-field-initializers -Winline -Wwrite-strings -Wundef -Wbad-function-cast -Wcast-align -Wcast-qual -Wdeclaration-after-statement -ffast-math -O2 -fomit-frame-pointer -I$(top_srcdir)/src   conftest.c  >&5
configure:5955: $? = 0
configure:5973: result: yes
configure:5893: checking for snprintf
configure:5949: mipsel-linux-gcc -o conftest -g -O2 -Wall -Wno-unused -Wno-switch -Wextra -Wno-missing-field-initializers -Winline -Wwrite-strings -Wundef -Wbad-function-cast -Wcast-align -Wcast-qual -Wdeclaration-after-statement -ffast-math -O2 -fomit-frame-pointer -I$(top_srcdir)/src   conftest.c  >&5
conftest.c:46: warning: conflicting types for built-in function 'snprintf'
configure:5955: $? = 0
configure:5973: result: yes
configure:5893: checking for vsnprintf
configure:5949: mipsel-linux-gcc -o conftest -g -O2 -Wall -Wno-unused -Wno-switch -Wextra -Wno-missing-field-initializers -Winline -Wwrite-strings -Wundef -Wbad-function-cast -Wcast-align -Wcast-qual -Wdeclaration-after-statement -ffast-math -O2 -fomit-frame-pointer -I$(top_srcdir)/src   conftest.c  >&5
conftest.c:47: warning: conflicting types for built-in function 'vsnprintf'
configure:5955: $? = 0
configure:5973: result: yes
configure:5893: checking for mmap
configure:5949: mipsel-linux-gcc -o conftest -g -O2 -Wall -Wno-unused -Wno-switch -Wextra -Wno-missing-field-initializers -Winline -Wwrite-strings -Wundef -Wbad-function-cast -Wcast-align -Wcast-qual -Wdeclaration-after-statement -ffast-math -O2 -fomit-frame-pointer -I$(top_srcdir)/src   conftest.c  >&5
configure:5955: $? = 0
configure:5973: result: yes
configure:5893: checking for usleep
configure:5949: mipsel-linux-gcc -o conftest -g -O2 -Wall -Wno-unused -Wno-switch -Wextra -Wno-missing-field-initializers -Winline -Wwrite-strings -Wundef -Wbad-function-cast -Wcast-align -Wcast-qual -Wdeclaration-after-statement -ffast-math -O2 -fomit-frame-pointer -I$(top_srcdir)/src   conftest.c  >&5
configure:5955: $? = 0
configure:5973: result: yes
configure:5893: checking for sched_setaffinity
configure:5949: mipsel-linux-gcc -o conftest -g -O2 -Wall -Wno-unused -Wno-switch -Wextra -Wno-missing-field-initializers -Winline -Wwrite-strings -Wundef -Wbad-function-cast -Wcast-align -Wcast-qual -Wdeclaration-after-statement -ffast-math -O2 -fomit-frame-pointer -I$(top_srcdir)/src   conftest.c  >&5
configure:5955: $? = 0
configure:5973: result: yes
configure:5985: checking for pow in -lm
configure:6020: mipsel-linux-gcc -o conftest -g -O2 -Wall -Wno-unused -Wno-switch -Wextra -Wno-missing-field-initializers -Winline -Wwrite-strings -Wundef -Wbad-function-cast -Wcast-align -Wcast-qual -Wdeclaration-after-statement -ffast-math -O2 -fomit-frame-pointer -I$(top_srcdir)/src   conftest.c -lm   >&5
conftest.c:35: warning: conflicting types for built-in function 'pow'
configure:6026: $? = 0
configure:6044: result: yes
configure:6206: checking for sdl-config
configure:6224: found /opt/mipseltools-gcc412-glibc261/bin/sdl-config
configure:6237: result: /opt/mipseltools-gcc412-glibc261/bin/sdl-config
configure:6246: checking for SDL - version >= 1.1.3
configure:6376: result: yes
configure:6487: checking for SDL_JoystickGetAxis
configure:6543: mipsel-linux-gcc -o conftest -g -O2 -Wall -Wno-unused -Wno-switch -Wextra -Wno-missing-field-initializers -Winline -Wwrite-strings -Wundef -Wbad-function-cast -Wcast-align -Wcast-qual -Wdeclaration-after-statement -ffast-math -O2 -fomit-frame-pointer -I$(top_srcdir)/src   conftest.c -lm  -L//lib -Wl,-rpath,//lib -lSDL -lpthread >&5
/opt/mipseltools-gcc412-glibc261/lib/gcc/mipsel-linux/4.1.2/../../../../mipsel-linux/bin/ld: cannot find -lSDL
collect2: ld returned 1 exit status
configure:6549: $? = 1
configure: failed program was:
| /* confdefs.h.  */
| #define PACKAGE_NAME "prboom"
| #define PACKAGE_TARNAME "prboom"
| #define PACKAGE_VERSION "2.5.0"
| #define PACKAGE_STRING "prboom 2.5.0"
| #define PACKAGE_BUGREPORT ""
| #define PACKAGE "prboom"
| #define VERSION "2.5.0"
| #define DOOMWADDIR "/opt/mipseltools-gcc412-glibc261/share/games/doom"
| #define PACKEDATTR __attribute__((packed))
| #define uid_t int
| #define gid_t int
| #define HAVE_DECL_SYS_SIGLIST 0
| #define HAVE_ASM_BYTEORDER_H 1
| #define HAVE_SCHED_H 1
| #define stricmp strcasecmp
| #define strnicmp strncasecmp
| #define HAVE_GETOPT 1
| #define HAVE_INET_ATON 1
| #define HAVE_INET_PTON 1
| #define HAVE_INET_NTOP 1
| #define HAVE_SNPRINTF 1
| #define HAVE_VSNPRINTF 1
| #define HAVE_MMAP 1
| #define HAVE_USLEEP 1
| #define HAVE_SCHED_SETAFFINITY 1
| #define HAVE_LIBM 1
| /* end confdefs.h.  */
| /* Define SDL_JoystickGetAxis to an innocuous variant, in case <limits.h> declares SDL_JoystickGetAxis.
|    For example, HP-UX 11i <limits.h> declares gettimeofday.  */
| #define SDL_JoystickGetAxis innocuous_SDL_JoystickGetAxis
| 
| /* System header to define __stub macros and hopefully few prototypes,
|     which can conflict with char SDL_JoystickGetAxis (); below.
|     Prefer <limits.h> to <assert.h> if __STDC__ is defined, since
|     <limits.h> exists even on freestanding compilers.  */
| 
| #ifdef __STDC__
| # include <limits.h>
| #else
| # include <assert.h>
| #endif
| 
| #undef SDL_JoystickGetAxis
| 
| /* Override any GCC internal prototype to avoid an error.
|    Use char because int might match the return type of a GCC
|    builtin and then its argument prototype would still apply.  */
| #ifdef __cplusplus
| extern "C"
| #endif
| char SDL_JoystickGetAxis ();
| /* The GNU C library defines this for functions which it implements
|     to always fail with ENOSYS.  Some functions are actually named
|     something starting with __ and the normal name is an alias.  */
| #if defined __stub_SDL_JoystickGetAxis || defined __stub___SDL_JoystickGetAxis
| choke me
| #endif
| 
| int
| main ()
| {
| return SDL_JoystickGetAxis ();
|   ;
|   return 0;
| }
configure:6567: result: no
configure:6584: checking for Mix_OpenAudio in -lSDL_mixer
configure:6619: mipsel-linux-gcc -o conftest -g -O2 -Wall -Wno-unused -Wno-switch -Wextra -Wno-missing-field-initializers -Winline -Wwrite-strings -Wundef -Wbad-function-cast -Wcast-align -Wcast-qual -Wdeclaration-after-statement -ffast-math -O2 -fomit-frame-pointer -I$(top_srcdir)/src   conftest.c -lSDL_mixer -L//lib -Wl,-rpath,//lib -lSDL -lpthread  -lm  >&5
/opt/mipseltools-gcc412-glibc261/lib/gcc/mipsel-linux/4.1.2/../../../../mipsel-linux/bin/ld: cannot find -lSDL_mixer
collect2: ld returned 1 exit status
configure:6625: $? = 1
configure: failed program was:
| /* confdefs.h.  */
| #define PACKAGE_NAME "prboom"
| #define PACKAGE_TARNAME "prboom"
| #define PACKAGE_VERSION "2.5.0"
| #define PACKAGE_STRING "prboom 2.5.0"
| #define PACKAGE_BUGREPORT ""
| #define PACKAGE "prboom"
| #define VERSION "2.5.0"
| #define DOOMWADDIR "/opt/mipseltools-gcc412-glibc261/share/games/doom"
| #define PACKEDATTR __attribute__((packed))
| #define uid_t int
| #define gid_t int
| #define HAVE_DECL_SYS_SIGLIST 0
| #define HAVE_ASM_BYTEORDER_H 1
| #define HAVE_SCHED_H 1
| #define stricmp strcasecmp
| #define strnicmp strncasecmp
| #define HAVE_GETOPT 1
| #define HAVE_INET_ATON 1
| #define HAVE_INET_PTON 1
| #define HAVE_INET_NTOP 1
| #define HAVE_SNPRINTF 1
| #define HAVE_VSNPRINTF 1
| #define HAVE_MMAP 1
| #define HAVE_USLEEP 1
| #define HAVE_SCHED_SETAFFINITY 1
| #define HAVE_LIBM 1
| /* end confdefs.h.  */
| 
| /* Override any GCC internal prototype to avoid an error.
|    Use char because int might match the return type of a GCC
|    builtin and then its argument prototype would still apply.  */
| #ifdef __cplusplus
| extern "C"
| #endif
| char Mix_OpenAudio ();
| int
| main ()
| {
| return Mix_OpenAudio ();
|   ;
|   return 0;
| }
configure:6643: result: no
configure:6811: checking for png_create_info_struct in -lpng
configure:6846: mipsel-linux-gcc -o conftest -g -O2 -Wall -Wno-unused -Wno-switch -Wextra -Wno-missing-field-initializers -Winline -Wwrite-strings -Wundef -Wbad-function-cast -Wcast-align -Wcast-qual -Wdeclaration-after-statement -ffast-math -O2 -fomit-frame-pointer -I$(top_srcdir)/src   conftest.c -lpng  -lm  >&5
configure:6852: $? = 0
configure:6870: result: yes
./configure: line 6890: conftest.c: command not found
configure:7111: creating ./config.status

## ---------------------- ##
## Running config.status. ##
## ---------------------- ##

This file was extended by prboom config.status 2.5.0, which was
generated by GNU Autoconf 2.61.  Invocation command line was

  CONFIG_FILES    = 
  CONFIG_HEADERS  = 
  CONFIG_LINKS    = 
  CONFIG_COMMANDS = 
  $ ./config.status 

on XP2000

config.status:676: creating Makefile
config.status:676: creating src/Makefile
config.status:676: creating src/POSIX/Makefile
config.status:676: creating src/SDL/Makefile
config.status:676: creating src/MAC/Makefile
config.status:676: creating doc/Makefile
config.status:676: creating data/Makefile
config.status:676: creating ICONS/Makefile
config.status:676: creating VisualC6/Makefile
config.status:676: creating VisualC8/Makefile
config.status:676: creating prboom.spec
config.status:676: creating config.h
config.status:916: config.h is unchanged
config.status:962: executing depfiles commands

## ---------------- ##
## Cache variables. ##
## ---------------- ##

ac_cv_build=i686-pc-linux-gnu
ac_cv_c_compiler_gnu=yes
ac_cv_c_const=yes
ac_cv_c_inline=inline
ac_cv_env_CC_set=
ac_cv_env_CC_value=
ac_cv_env_CFLAGS_set=
ac_cv_env_CFLAGS_value=
ac_cv_env_CPPFLAGS_set=
ac_cv_env_CPPFLAGS_value=
ac_cv_env_CPP_set=
ac_cv_env_CPP_value=
ac_cv_env_LDFLAGS_set=
ac_cv_env_LDFLAGS_value=
ac_cv_env_LIBS_set=
ac_cv_env_LIBS_value=
ac_cv_env_build_alias_set=
ac_cv_env_build_alias_value=
ac_cv_env_host_alias_set=set
ac_cv_env_host_alias_value=mipsel-linux
ac_cv_env_target_alias_set=
ac_cv_env_target_alias_value=
ac_cv_func_SDL_JoystickGetAxis=no
ac_cv_func_getopt=yes
ac_cv_func_inet_aton=yes
ac_cv_func_inet_ntop=yes
ac_cv_func_inet_pton=yes
ac_cv_func_max=no
ac_cv_func_min=no
ac_cv_func_mmap=yes
ac_cv_func_sched_setaffinity=yes
ac_cv_func_snprintf=yes
ac_cv_func_stricmp=no
ac_cv_func_strnicmp=no
ac_cv_func_usleep=yes
ac_cv_func_vsnprintf=yes
ac_cv_have_decl_sys_siglist=no
ac_cv_header_asm_byteorder_h=yes
ac_cv_header_sched_h=yes
ac_cv_header_sys_wait_h=no
ac_cv_header_unistd_h=no
ac_cv_host=mipsel-unknown-linux-gnu
ac_cv_lib_SDL_mixer_Mix_OpenAudio=no
ac_cv_lib_m_pow=yes
ac_cv_lib_png_png_create_info_struct=yes
ac_cv_objext=o
ac_cv_path_SDL_CONFIG=/opt/mipseltools-gcc412-glibc261/bin/sdl-config
ac_cv_path_install='/usr/bin/install -c'
ac_cv_path_mkdir=/bin/mkdir
ac_cv_prog_AWK=gawk
ac_cv_prog_CC=mipsel-linux-gcc
ac_cv_prog_RANLIB=mipsel-linux-ranlib
ac_cv_prog_STRIP=mipsel-linux-strip
ac_cv_prog_cc_c89=
ac_cv_prog_cc_g=yes
ac_cv_prog_make_make_set=yes
ac_cv_target=mipsel-unknown-linux-gnu
ac_cv_type_size_t=yes
ac_cv_type_uid_t=no
am_cv_CC_dependencies_compiler_type=gcc3

## ----------------- ##
## Output variables. ##
## ----------------- ##

ACLOCAL='${SHELL} /home/joyrider/dingoo_linux/Sources/prboom-2.5.0/autotools/missing --run aclocal-1.10'
AMDEPBACKSLASH='\'
AMDEP_FALSE='#'
AMDEP_TRUE=''
AMTAR='${SHELL} /home/joyrider/dingoo_linux/Sources/prboom-2.5.0/autotools/missing --run tar'
AUTOCONF='${SHELL} /home/joyrider/dingoo_linux/Sources/prboom-2.5.0/autotools/missing --run autoconf'
AUTOHEADER='${SHELL} /home/joyrider/dingoo_linux/Sources/prboom-2.5.0/autotools/missing --run autoheader'
AUTOMAKE='${SHELL} /home/joyrider/dingoo_linux/Sources/prboom-2.5.0/autotools/missing --run automake-1.10'
AWK='gawk'
BUILD_GL_FALSE=''
BUILD_GL_TRUE='#'
CC='mipsel-linux-gcc'
CCDEPMODE='depmode=gcc3'
CFLAGS='-g -O2 -Wall -Wno-unused -Wno-switch -Wextra -Wno-missing-field-initializers -Winline -Wwrite-strings -Wundef -Wbad-function-cast -Wcast-align -Wcast-qual -Wdeclaration-after-statement -ffast-math -O2 -fomit-frame-pointer -I$(top_srcdir)/src'
CPP=''
CPPFLAGS=''
CYGPATH_W='echo'
DEFS='-DHAVE_CONFIG_H'
DEPDIR='.deps'
DOOMWADDIR='/opt/mipseltools-gcc412-glibc261/share/games/doom'
ECHO_C=''
ECHO_N='-n'
ECHO_T=''
EGREP=''
EXEEXT=''
GL_LIBS=''
GREP=''
INSTALL_DATA='${INSTALL} -m 644'
INSTALL_PROGRAM='${INSTALL}'
INSTALL_SCRIPT='${INSTALL}'
INSTALL_STRIP_PROGRAM='$(install_sh) -c -s'
LDFLAGS=''
LIBOBJS=''
LIBS='-lpng -lm '
LN_S='ln -s'
LTLIBOBJS=''
MAKEINFO='${SHELL} /home/joyrider/dingoo_linux/Sources/prboom-2.5.0/autotools/missing --run makeinfo'
MATH_LIB=''
MIXER_CFLAGS=''
MIXER_LIBS=''
NET_CFLAGS=''
NET_LIBS=''
OBJEXT='o'
PACKAGE='prboom'
PACKAGE_BUGREPORT=''
PACKAGE_NAME='prboom'
PACKAGE_STRING='prboom 2.5.0'
PACKAGE_TARNAME='prboom'
PACKAGE_VERSION='2.5.0'
PATH_SEPARATOR=':'
RANLIB='mipsel-linux-ranlib'
SDL_CFLAGS='-I//include/SDL -D_GNU_SOURCE=1 -D_REENTRANT'
SDL_CONFIG='/opt/mipseltools-gcc412-glibc261/bin/sdl-config'
SDL_LIBS='-L//lib -Wl,-rpath,//lib -lSDL -lpthread'
SET_MAKE=''
SHELL='/bin/bash'
STRIP='mipsel-linux-strip'
VERSION='2.5.0'
WAD_MMAP_FALSE='#'
WAD_MMAP_TRUE=''
ac_ct_CC=''
am__fastdepCC_FALSE='#'
am__fastdepCC_TRUE=''
am__include='include'
am__isrc=''
am__leading_dot='.'
am__quote=''
am__tar='${AMTAR} chof - "$$tardir"'
am__untar='${AMTAR} xf -'
bindir='${exec_prefix}/bin'
build='i686-pc-linux-gnu'
build_alias=''
build_cpu='i686'
build_os='linux-gnu'
build_vendor='pc'
datadir='${datarootdir}'
datarootdir='${prefix}/share'
docdir='${datarootdir}/doc/${PACKAGE_TARNAME}'
dvidir='${docdir}'
exec_prefix='/opt/mipseltools-gcc412-glibc261'
host='mipsel-unknown-linux-gnu'
host_alias='mipsel-linux'
host_cpu='mipsel'
host_os='linux-gnu'
host_vendor='unknown'
htmldir='${docdir}'
includedir='${prefix}/include'
infodir='${datarootdir}/info'
install_sh='$(SHELL) /home/joyrider/dingoo_linux/Sources/prboom-2.5.0/autotools/install-sh'
libdir='${exec_prefix}/lib'
libexecdir='${exec_prefix}/libexec'
localedir='${datarootdir}/locale'
localstatedir='${prefix}/var'
mandir='${datarootdir}/man'
mkdir_p='/bin/mkdir -p'
oldincludedir='/usr/include'
pdfdir='${docdir}'
prefix='/opt/mipseltools-gcc412-glibc261'
program_transform_name='s,x,x,'
psdir='${docdir}'
sbindir='${exec_prefix}/sbin'
sharedstatedir='${prefix}/com'
sysconfdir='${prefix}/etc'
target='mipsel-unknown-linux-gnu'
target_alias=''
target_cpu='mipsel'
target_os='linux-gnu'
target_vendor='unknown'

## ----------- ##
## confdefs.h. ##
## ----------- ##

#define PACKAGE_NAME "prboom"
#define PACKAGE_TARNAME "prboom"
#define PACKAGE_VERSION "2.5.0"
#define PACKAGE_STRING "prboom 2.5.0"
#define PACKAGE_BUGREPORT ""
#define PACKAGE "prboom"
#define VERSION "2.5.0"
#define DOOMWADDIR "/opt/mipseltools-gcc412-glibc261/share/games/doom"
#define PACKEDATTR __attribute__((packed))
#define uid_t int
#define gid_t int
#define HAVE_DECL_SYS_SIGLIST 0
#define HAVE_ASM_BYTEORDER_H 1
#define HAVE_SCHED_H 1
#define stricmp strcasecmp
#define strnicmp strncasecmp
#define HAVE_GETOPT 1
#define HAVE_INET_ATON 1
#define HAVE_INET_PTON 1
#define HAVE_INET_NTOP 1
#define HAVE_SNPRINTF 1
#define HAVE_VSNPRINTF 1
#define HAVE_MMAP 1
#define HAVE_USLEEP 1
#define HAVE_SCHED_SETAFFINITY 1
#define HAVE_LIBM 1
#define HAVE_LIBPNG 1
#define HIGHRES 1
#define SIMPLECHECKS 1
#define ZONEIDCHECK 1
#define DOGS 1

configure: exit 0
